<?xml version="1.0" encoding="UTF-8"?>
<!-- Generated by org.testng.reporters.JUnitXMLReporter -->
<testsuite hostname="DESKTOP-C01PVB3" ignored="6" name="Default test" tests="1" failures="0" timestamp="17 Apr 2020 10:57:06 GMT" time="37.197" errors="0">
  <testcase name="verify_Delete_selective_report_from_the_Board_Test" time="9.53" classname="com.testcases.DashBoardPageTest"/>
  <testcase name="verify_Add_Reports_to_Board_Test" time="0.0" classname="com.testcases.DashBoardPageTest">
    <ignored/>
  </testcase> <!-- verify_Add_Reports_to_Board_Test -->
  <testcase name="verify_DashBoardPage_Test" time="0.0" classname="com.testcases.DashBoardPageTest">
    <ignored/>
  </testcase> <!-- verify_DashBoardPage_Test -->
  <testcase name="Preview_Option_Test" time="0.0" classname="com.testcases.DashBoardPageTest">
    <ignored/>
  </testcase> <!-- Preview_Option_Test -->
  <testcase name="Share_Report_Option_Test" time="0.0" classname="com.testcases.DashBoardPageTest">
    <ignored/>
  </testcase> <!-- Share_Report_Option_Test -->
  <testcase name="verify_Create_New_Board_functionality_Test" time="0.0" classname="com.testcases.DashBoardPageTest">
    <ignored/>
  </testcase> <!-- verify_Create_New_Board_functionality_Test -->
  <testcase name="verify_Delete_selective_Board_Test" time="0.0" classname="com.testcases.DashBoardPageTest">
    <ignored/>
  </testcase> <!-- verify_Delete_selective_Board_Test -->
</testsuite> <!-- Default test -->
