<?xml version="1.0" encoding="UTF-8"?>
<testng-results skipped="0" failed="0" ignored="6" total="7" passed="1">
  <reporter-output>
    <line>
      <![CDATA[Login successful]]>
    </line>
    <line>
      <![CDATA[Report deleted]]>
    </line>
    <line>
      <![CDATA[Selected Report deleted from the Tab Successfully]]>
    </line>
  </reporter-output>
  <suite name="Default suite" duration-ms="37197" started-at="2020-04-17T10:56:28Z" finished-at="2020-04-17T10:57:06Z">
    <groups>
    </groups>
    <test name="Default test" duration-ms="37197" started-at="2020-04-17T10:56:28Z" finished-at="2020-04-17T10:57:06Z">
      <class name="com.testcases.DashBoardPageTest">
        <test-method status="PASS" signature="setUp()[pri:0, instance:com.testcases.DashBoardPageTest@3abbfa04]" name="setUp" is-config="true" duration-ms="26765" started-at="2020-04-17T10:56:28Z" finished-at="2020-04-17T10:56:55Z">
          <reporter-output>
            <line>
              <![CDATA[Login successful]]>
            </line>
          </reporter-output>
        </test-method> <!-- setUp -->
        <test-method status="PASS" signature="verify_Delete_selective_report_from_the_Board_Test()[pri:0, instance:com.testcases.DashBoardPageTest@3abbfa04]" name="verify_Delete_selective_report_from_the_Board_Test" duration-ms="9530" started-at="2020-04-17T10:56:55Z" finished-at="2020-04-17T10:57:05Z">
          <reporter-output>
            <line>
              <![CDATA[Report deleted]]>
            </line>
            <line>
              <![CDATA[Selected Report deleted from the Tab Successfully]]>
            </line>
          </reporter-output>
        </test-method> <!-- verify_Delete_selective_report_from_the_Board_Test -->
        <test-method status="PASS" signature="tearDown()[pri:0, instance:com.testcases.DashBoardPageTest@3abbfa04]" name="tearDown" is-config="true" duration-ms="870" started-at="2020-04-17T10:57:05Z" finished-at="2020-04-17T10:57:06Z">
          <reporter-output>
          </reporter-output>
        </test-method> <!-- tearDown -->
      </class> <!-- com.testcases.DashBoardPageTest -->
    </test> <!-- Default test -->
  </suite> <!-- Default suite -->
</testng-results>
