<?xml version="1.0" encoding="UTF-8"?>
<!-- Generated by org.testng.reporters.JUnitReportReporter -->
<testsuite skipped="1" hostname="DESKTOP-C01PVB3" name="com.testcases.AnalysePageTest" tests="2" failures="0" timestamp="17 Apr 2020 09:57:50 GMT" time="90.165" errors="0">
  <testcase name="verify_SummaryChart_Test" time="90.165" classname="com.testcases.AnalysePageTest"/>
  <testcase name="verify_Share_Report_option_Test" classname="com.testcases.AnalysePageTest">
    <skipped/>
  </testcase> <!-- verify_Share_Report_option_Test -->
</testsuite> <!-- com.testcases.AnalysePageTest -->
