<?xml version="1.0" encoding="UTF-8"?>
<!-- Generated by org.testng.reporters.JUnitReportReporter -->
<testsuite skipped="2" hostname="DESKTOP-C01PVB3" name="com.testcases.CalibrationPageTest" tests="3" failures="0" timestamp="17 Apr 2020 08:56:26 GMT" time="40.794" errors="0">
  <testcase name="verify_Send_requested_asset_for_calibration_Test" time="40.794" classname="com.testcases.CalibrationPageTest"/>
  <testcase name="verify_Book_in_asset_for_external_calibration_Test" classname="com.testcases.CalibrationPageTest">
    <skipped/>
  </testcase> <!-- verify_Book_in_asset_for_external_calibration_Test -->
  <testcase name="verify_Internal_calibration_Test" classname="com.testcases.CalibrationPageTest">
    <skipped/>
  </testcase> <!-- verify_Internal_calibration_Test -->
</testsuite> <!-- com.testcases.CalibrationPageTest -->
