<?xml version="1.0" encoding="UTF-8"?>
<!-- Generated by org.testng.reporters.JUnitReportReporter -->
<testsuite skipped="1" hostname="DESKTOP-C01PVB3" name="com.testcases.DashBoardPageTest" tests="2" failures="0" timestamp="17 Apr 2020 10:57:06 GMT" time="37.165" errors="0">
  <testcase name="verify_Delete_selective_report_from_the_Board_Test" time="37.165" classname="com.testcases.DashBoardPageTest"/>
  <testcase name="Share_Report_Option_Test" classname="com.testcases.DashBoardPageTest">
    <skipped/>
  </testcase> <!-- Share_Report_Option_Test -->
</testsuite> <!-- com.testcases.DashBoardPageTest -->
